app/build/outputs/logs/manifest-merger-release-report.txt
-- Merging decision tree log ---
manifest
ADDED from src\main\AndroidManifest.xml:2:1-199:12
	package
		ADDED from src\main\AndroidManifest.xml:3:5-30
		INJECTED from src\main\AndroidManifest.xml
		INJECTED from src\main\AndroidManifest.xml
	android:versionName
		ADDED from src\main\AndroidManifest.xml:5:5-30
		INJECTED from src\main\AndroidManifest.xml
		INJECTED from src\main\AndroidManifest.xml
	android:versionCode
		ADDED from src\main\AndroidManifest.xml:4:5-29
		INJECTED from src\main\AndroidManifest.xml
		INJECTED from src\main\AndroidManifest.xml
	xmlns:android
		ADDED from src\main\AndroidManifest.xml:2:11-69
uses-sdk
ADDED from src\main\AndroidManifest.xml:7:5-9:41
MERGED from [com.android.support:support-v4:23.0.1] AndroidManifest.xml:20:5-43
MERGED from [com.android.support:cardview-v7:23.0.1] AndroidManifest.xml:20:5-43
	android:targetSdkVersion
		ADDED from src\main\AndroidManifest.xml:9:9-38
		INJECTED from src\main\AndroidManifest.xml
		INJECTED from src\main\AndroidManifest.xml
	android:minSdkVersion
		ADDED from src\main\AndroidManifest.xml:8:9-34
		INJECTED from src\main\AndroidManifest.xml
		INJECTED from src\main\AndroidManifest.xml
uses-permission#android.permission.WAKE_LOCK
ADDED from src\main\AndroidManifest.xml:11:5-68
	android:name
		ADDED from src\main\AndroidManifest.xml:11:22-65
uses-permission#android.permission.ACCESS_NETWORK_STATE
ADDED from src\main\AndroidManifest.xml:12:5-79
	android:name
		ADDED from src\main\AndroidManifest.xml:12:22-76
uses-permission#android.permission.ACCESS_COARSE_LOCATION
ADDED from src\main\AndroidManifest.xml:13:5-81
	android:name
		ADDED from src\main\AndroidManifest.xml:13:22-78
uses-permission#android.permission.ACCESS_FINE_LOCATION
ADDED from src\main\AndroidManifest.xml:14:5-79
	android:name
		ADDED from src\main\AndroidManifest.xml:14:22-76
uses-permission#android.permission.INTERNET
ADDED from src\main\AndroidManifest.xml:15:5-67
	android:name
		ADDED from src\main\AndroidManifest.xml:15:22-64
uses-permission#android.permission.WRITE_EXTERNAL_STORAGE
ADDED from src\main\AndroidManifest.xml:16:5-81
	android:name
		ADDED from src\main\AndroidManifest.xml:16:22-78
uses-permission#android.permission.WRITE_SYNC_SETTINGS
ADDED from src\main\AndroidManifest.xml:17:5-78
	android:name
		ADDED from src\main\AndroidManifest.xml:17:22-75
uses-permission#android.permission.READ_PHONE_STATE
ADDED from src\main\AndroidManifest.xml:19:5-20:23
	android:name
		ADDED from src\main\AndroidManifest.xml:19:22-72
application
ADDED from src\main\AndroidManifest.xml:22:5-197:19
MERGED from [com.android.support:support-v4:23.0.1] AndroidManifest.xml:22:5-20
MERGED from [com.android.support:cardview-v7:23.0.1] AndroidManifest.xml:22:5-20
	android:label
		ADDED from src\main\AndroidManifest.xml:25:9-41
	android:allowBackup
		ADDED from src\main\AndroidManifest.xml:23:9-35
	android:icon
		ADDED from src\main\AndroidManifest.xml:24:9-45
	android:theme
		ADDED from src\main\AndroidManifest.xml:26:9-56
activity#com.cpm.gskgtsupervisor.LoginActivity
ADDED from src\main\AndroidManifest.xml:27:9-36:20
	android:screenOrientation
		ADDED from src\main\AndroidManifest.xml:30:13-49
	android:label
		ADDED from src\main\AndroidManifest.xml:29:13-45
	android:name
		ADDED from src\main\AndroidManifest.xml:28:13-65
intent-filter#android.intent.action.MAIN+android.intent.category.LAUNCHER
ADDED from src\main\AndroidManifest.xml:31:13-35:29
action#android.intent.action.MAIN
ADDED from src\main\AndroidManifest.xml:32:17-69
	android:name
		ADDED from src\main\AndroidManifest.xml:32:25-66
category#android.intent.category.LAUNCHER
ADDED from src\main\AndroidManifest.xml:34:17-77
	android:name
		ADDED from src\main\AndroidManifest.xml:34:27-74
activity#com.cpm.autoupdate.AutoupdateActivity
ADDED from src\main\AndroidManifest.xml:37:9-40:20
	android:screenOrientation
		ADDED from src\main\AndroidManifest.xml:39:13-49
	android:name
		ADDED from src\main\AndroidManifest.xml:38:13-65
activity#com.cpm.web.ShowUpdateActivity
ADDED from src\main\AndroidManifest.xml:41:9-44:20
	android:screenOrientation
		ADDED from src\main\AndroidManifest.xml:43:13-49
	android:name
		ADDED from src\main\AndroidManifest.xml:42:13-58
activity#com.cpm.gskgtsupervisor.MainActivity
ADDED from src\main\AndroidManifest.xml:45:9-48:20
	android:screenOrientation
		ADDED from src\main\AndroidManifest.xml:47:13-49
	android:name
		ADDED from src\main\AndroidManifest.xml:46:13-64
activity#com.cpm.download.CompleteDownloadActivity
ADDED from src\main\AndroidManifest.xml:49:9-52:20
	android:screenOrientation
		ADDED from src\main\AndroidManifest.xml:51:13-49
	android:name
		ADDED from src\main\AndroidManifest.xml:50:13-69
activity#com.cpm.dailyentry.DailyEntryScreen
ADDED from src\main\AndroidManifest.xml:53:9-56:20
	android:screenOrientation
		ADDED from src\main\AndroidManifest.xml:55:13-49
	android:name
		ADDED from src\main\AndroidManifest.xml:54:13-63
activity#com.cpm.dailyentry.JointCall
ADDED from src\main\AndroidManifest.xml:57:9-60:20
	android:screenOrientation
		ADDED from src\main\AndroidManifest.xml:59:13-49
	android:name
		ADDED from src\main\AndroidManifest.xml:58:13-56
activity#com.cpm.dailyentry.PJPDeviation
ADDED from src\main\AndroidManifest.xml:61:9-64:20
	android:screenOrientation
		ADDED from src\main\AndroidManifest.xml:63:13-49
	android:name
		ADDED from src\main\AndroidManifest.xml:62:13-59
activity#com.cpm.dailyentry.StoreList
ADDED from src\main\AndroidManifest.xml:65:9-68:20
	android:screenOrientation
		ADDED from src\main\AndroidManifest.xml:67:13-49
	android:name
		ADDED from src\main\AndroidManifest.xml:66:13-56
activity#com.cpm.dailyentry.NonWorkingActivity
ADDED from src\main\AndroidManifest.xml:69:9-72:20
	android:screenOrientation
		ADDED from src\main\AndroidManifest.xml:71:13-49
	android:name
		ADDED from src\main\AndroidManifest.xml:70:13-65
activity#com.cpm.dailyentry.StoreVisited
ADDED from src\main\AndroidManifest.xml:73:9-76:20
	android:screenOrientation
		ADDED from src\main\AndroidManifest.xml:75:13-49
	android:name
		ADDED from src\main\AndroidManifest.xml:74:13-59
activity#com.cpm.dailyentry.GateMeetingActivity
ADDED from src\main\AndroidManifest.xml:77:9-80:20
	android:screenOrientation
		ADDED from src\main\AndroidManifest.xml:79:13-49
	android:name
		ADDED from src\main\AndroidManifest.xml:78:13-66
activity#com.cpm.upload.UploadOptionActivity
ADDED from src\main\AndroidManifest.xml:81:9-84:20
	android:screenOrientation
		ADDED from src\main\AndroidManifest.xml:83:13-49
	android:name
		ADDED from src\main\AndroidManifest.xml:82:13-63
activity#com.cpm.upload.UploadDataActivity
ADDED from src\main\AndroidManifest.xml:85:9-88:20
	android:screenOrientation
		ADDED from src\main\AndroidManifest.xml:87:13-49
	android:name
		ADDED from src\main\AndroidManifest.xml:86:13-61
activity#com.cpm.dailyentry.MyPerformance
ADDED from src\main\AndroidManifest.xml:89:9-92:20
	android:screenOrientation
		ADDED from src\main\AndroidManifest.xml:91:13-49
	android:name
		ADDED from src\main\AndroidManifest.xml:90:13-60
activity#com.cpm.dailyentry.StoreEntry
ADDED from src\main\AndroidManifest.xml:93:9-96:20
	android:screenOrientation
		ADDED from src\main\AndroidManifest.xml:95:13-49
	android:name
		ADDED from src\main\AndroidManifest.xml:94:13-57
activity#com.cpm.dailyentry.StoreType
ADDED from src\main\AndroidManifest.xml:97:9-100:20
	android:screenOrientation
		ADDED from src\main\AndroidManifest.xml:99:13-49
	android:name
		ADDED from src\main\AndroidManifest.xml:98:13-56
activity#com.cpm.dailyentry.DeepFreezerActivity
ADDED from src\main\AndroidManifest.xml:101:9-105:20
	android:screenOrientation
		ADDED from src\main\AndroidManifest.xml:103:13-49
	android:windowSoftInputMode
		ADDED from src\main\AndroidManifest.xml:104:13-52
	android:name
		ADDED from src\main\AndroidManifest.xml:102:13-66
activity#com.cpm.dailyentry.MccainType
ADDED from src\main\AndroidManifest.xml:106:9-109:20
	android:screenOrientation
		ADDED from src\main\AndroidManifest.xml:108:13-49
	android:name
		ADDED from src\main\AndroidManifest.xml:107:13-57
activity#com.cpm.dailyentry.OpeningStock
ADDED from src\main\AndroidManifest.xml:110:9-115:20
	android:screenOrientation
		ADDED from src\main\AndroidManifest.xml:113:13-49
	android:windowSoftInputMode
		ADDED from src\main\AndroidManifest.xml:114:13-52
	android:configChanges
		ADDED from src\main\AndroidManifest.xml:112:13-74
	android:name
		ADDED from src\main\AndroidManifest.xml:111:13-59
activity#com.cpm.dailyentry.ClosingStock
ADDED from src\main\AndroidManifest.xml:116:9-121:20
	android:screenOrientation
		ADDED from src\main\AndroidManifest.xml:119:13-49
	android:windowSoftInputMode
		ADDED from src\main\AndroidManifest.xml:120:13-52
	android:configChanges
		ADDED from src\main\AndroidManifest.xml:118:13-74
	android:name
		ADDED from src\main\AndroidManifest.xml:117:13-59
activity#com.cpm.dailyentry.MidDayStock
ADDED from src\main\AndroidManifest.xml:122:9-127:20
	android:screenOrientation
		ADDED from src\main\AndroidManifest.xml:125:13-49
	android:windowSoftInputMode
		ADDED from src\main\AndroidManifest.xml:126:13-52
	android:configChanges
		ADDED from src\main\AndroidManifest.xml:124:13-74
	android:name
		ADDED from src\main\AndroidManifest.xml:123:13-58
activity#com.cpm.dailyentry.PromotionActivity
ADDED from src\main\AndroidManifest.xml:128:9-133:20
	android:screenOrientation
		ADDED from src\main\AndroidManifest.xml:131:13-49
	android:windowSoftInputMode
		ADDED from src\main\AndroidManifest.xml:132:13-52
	android:configChanges
		ADDED from src\main\AndroidManifest.xml:130:13-74
	android:name
		ADDED from src\main\AndroidManifest.xml:129:13-64
activity#com.cpm.dailyentry.AssetActivity
ADDED from src\main\AndroidManifest.xml:134:9-139:20
	android:screenOrientation
		ADDED from src\main\AndroidManifest.xml:137:13-49
	android:windowSoftInputMode
		ADDED from src\main\AndroidManifest.xml:138:13-52
	android:configChanges
		ADDED from src\main\AndroidManifest.xml:136:13-74
	android:name
		ADDED from src\main\AndroidManifest.xml:135:13-60
activity#com.cpm.dailyentry.NonWorkingReason
ADDED from src\main\AndroidManifest.xml:140:9-143:20
	android:screenOrientation
		ADDED from src\main\AndroidManifest.xml:142:13-49
	android:name
		ADDED from src\main\AndroidManifest.xml:141:13-63
activity#com.cpm.dailyentry.FoodStore
ADDED from src\main\AndroidManifest.xml:144:9-148:55
	android:screenOrientation
		ADDED from src\main\AndroidManifest.xml:147:13-49
	android:windowSoftInputMode
		ADDED from src\main\AndroidManifest.xml:148:13-52
	android:configChanges
		ADDED from src\main\AndroidManifest.xml:146:13-74
	android:name
		ADDED from src\main\AndroidManifest.xml:145:13-56
activity#com.cpm.dailyentry.FacingCompetitor
ADDED from src\main\AndroidManifest.xml:149:9-154:20
	android:screenOrientation
		ADDED from src\main\AndroidManifest.xml:152:13-49
	android:windowSoftInputMode
		ADDED from src\main\AndroidManifest.xml:153:13-52
	android:configChanges
		ADDED from src\main\AndroidManifest.xml:151:13-74
	android:name
		ADDED from src\main\AndroidManifest.xml:150:13-63
activity#com.cpm.dailyentry.UploadSelect
ADDED from src\main\AndroidManifest.xml:155:9-160:20
	android:screenOrientation
		ADDED from src\main\AndroidManifest.xml:158:13-49
	android:windowSoftInputMode
		ADDED from src\main\AndroidManifest.xml:159:13-52
	android:configChanges
		ADDED from src\main\AndroidManifest.xml:157:13-74
	android:name
		ADDED from src\main\AndroidManifest.xml:156:13-59
activity#com.cpm.upload.UploadAllImageActivity
ADDED from src\main\AndroidManifest.xml:161:9-166:20
	android:screenOrientation
		ADDED from src\main\AndroidManifest.xml:164:13-49
	android:windowSoftInputMode
		ADDED from src\main\AndroidManifest.xml:165:13-52
	android:configChanges
		ADDED from src\main\AndroidManifest.xml:163:13-74
	android:name
		ADDED from src\main\AndroidManifest.xml:162:13-65
activity#com.cpm.dailyentry.CheckOutStoreActivity
ADDED from src\main\AndroidManifest.xml:167:9-171:55
	android:screenOrientation
		ADDED from src\main\AndroidManifest.xml:170:13-49
	android:windowSoftInputMode
		ADDED from src\main\AndroidManifest.xml:171:13-52
	android:configChanges
		ADDED from src\main\AndroidManifest.xml:169:13-74
	android:name
		ADDED from src\main\AndroidManifest.xml:168:13-68
activity#com.cpm.upload.CheckoutNUpload
ADDED from src\main\AndroidManifest.xml:172:9-176:55
	android:screenOrientation
		ADDED from src\main\AndroidManifest.xml:175:13-49
	android:windowSoftInputMode
		ADDED from src\main\AndroidManifest.xml:176:13-52
	android:configChanges
		ADDED from src\main\AndroidManifest.xml:174:13-74
	android:name
		ADDED from src\main\AndroidManifest.xml:173:13-58
activity#com.cpm.dailyentry.CallsActivity
ADDED from src\main\AndroidManifest.xml:177:9-181:55
	android:screenOrientation
		ADDED from src\main\AndroidManifest.xml:180:13-49
	android:windowSoftInputMode
		ADDED from src\main\AndroidManifest.xml:181:13-52
	android:configChanges
		ADDED from src\main\AndroidManifest.xml:179:13-74
	android:name
		ADDED from src\main\AndroidManifest.xml:178:13-60
activity#com.cpm.dailyentry.Performance
ADDED from src\main\AndroidManifest.xml:182:9-186:55
	android:screenOrientation
		ADDED from src\main\AndroidManifest.xml:185:13-49
	android:windowSoftInputMode
		ADDED from src\main\AndroidManifest.xml:186:13-52
	android:configChanges
		ADDED from src\main\AndroidManifest.xml:184:13-74
	android:name
		ADDED from src\main\AndroidManifest.xml:183:13-58
activity#com.cpm.dailyentry.VisitedStoreImage
ADDED from src\main\AndroidManifest.xml:187:9-191:55
	android:screenOrientation
		ADDED from src\main\AndroidManifest.xml:190:13-49
	android:windowSoftInputMode
		ADDED from src\main\AndroidManifest.xml:191:13-52
	android:configChanges
		ADDED from src\main\AndroidManifest.xml:189:13-74
	android:name
		ADDED from src\main\AndroidManifest.xml:188:13-64
receiver#com.cpm.dailyentry.MyReceiver
ADDED from src\main\AndroidManifest.xml:193:5-195:20
	android:name
		ADDED from src\main\AndroidManifest.xml:193:15-59